Using pre-set license
Built from '2020.3/staging' branch; Version is '2020.3.40f1 (ba48d4efcef1) revision 12208340'; Using compiler version '192528614'; Build Type 'Release'
OS: 'Windows 11  (10.0.22621) 64bit CoreSingleLanguage' Language: 'en' Physical Memory: 8043 MB
BatchMode: 1, IsHumanControllingUs: 0, StartBugReporterOnCrash: 0, Is64bit: 1, IsPro: 0

COMMAND LINE ARGUMENTS:
C:\Program Files\Unity\Hub\Editor\2020.3.40f1\Editor\Unity.exe
-adb2
-batchMode
-noUpm
-name
AssetImportWorker0
-projectPath
C:/Users/Asus/OneDrive/Desktop/Create with Code - Renaldy Lawongan/Prototype 5
-logFile
Logs/AssetImportWorker0.log
-srvPort
59438
Successfully changed project path to: C:/Users/Asus/OneDrive/Desktop/Create with Code - Renaldy Lawongan/Prototype 5
C:/Users/Asus/OneDrive/Desktop/Create with Code - Renaldy Lawongan/Prototype 5
Using Asset Import Pipeline V2.
Refreshing native plugins compatible for Editor in 50.14 ms, found 2 plugins.
Preloading 0 native plugins for Editor in 0.00 ms.
Initialize engine version: 2020.3.40f1 (ba48d4efcef1)
[Subsystems] Discovering subsystems at path C:/Program Files/Unity/Hub/Editor/2020.3.40f1/Editor/Data/Resources/UnitySubsystems
[Subsystems] Discovering subsystems at path C:/Users/Asus/OneDrive/Desktop/Create with Code - Renaldy Lawongan/Prototype 5/Assets
GfxDevice: creating device client; threaded=0
Direct3D:
    Version:  Direct3D 11.0 [level 11.1]
    Renderer: NVIDIA GeForce MX250 (ID=0x1d13)
    Vendor:   
    VRAM:     1983 MB
    Driver:   30.0.15.1169
Initialize mono
Mono path[0] = 'C:/Program Files/Unity/Hub/Editor/2020.3.40f1/Editor/Data/Managed'
Mono path[1] = 'C:/Program Files/Unity/Hub/Editor/2020.3.40f1/Editor/Data/MonoBleedingEdge/lib/mono/unityjit'
Mono config path = 'C:/Program Files/Unity/Hub/Editor/2020.3.40f1/Editor/Data/MonoBleedingEdge/etc'
Using monoOptions --debugger-agent=transport=dt_socket,embedding=1,server=y,suspend=n,address=127.0.0.1:56944
Begin MonoManager ReloadAssembly
Registering precompiled unity dll's ...
Register platform support module: C:/Program Files/Unity/Hub/Editor/2020.3.40f1/Editor/Data/PlaybackEngines/WebGLSupport/UnityEditor.WebGL.Extensions.dll
Register platform support module: C:/Program Files/Unity/Hub/Editor/2020.3.40f1/Editor/Data/PlaybackEngines/WindowsStandaloneSupport/UnityEditor.WindowsStandalone.Extensions.dll
Registered in 0.004409 seconds.
Native extension for WindowsStandalone target not found
Native extension for WebGL target not found
Refreshing native plugins compatible for Editor in 48.49 ms, found 2 plugins.
Preloading 0 native plugins for Editor in 0.00 ms.
Mono: successfully reloaded assembly
- Completed reload, in  0.706 seconds
Domain Reload Profiling:
	ReloadAssembly (706ms)
		BeginReloadAssembly (97ms)
			ExecutionOrderSort (0ms)
			DisableScriptedObjects (0ms)
			BackupInstance (0ms)
			ReleaseScriptingObjects (0ms)
			CreateAndSetChildDomain (1ms)
		EndReloadAssembly (524ms)
			LoadAssemblies (95ms)
			RebuildTransferFunctionScriptingTraits (0ms)
			SetupTypeCache (180ms)
			ReleaseScriptCaches (0ms)
			RebuildScriptCaches (38ms)
			SetupLoadedEditorAssemblies (186ms)
				LogAssemblyErrors (0ms)
				InitializePlatformSupportModulesInManaged (6ms)
				SetLoadedEditorAssemblies (0ms)
				RefreshPlugins (49ms)
				BeforeProcessingInitializeOnLoad (11ms)
				ProcessInitializeOnLoadAttributes (86ms)
				ProcessInitializeOnLoadMethodAttributes (34ms)
				AfterProcessingInitializeOnLoad (0ms)
				EditorAssembliesLoaded (0ms)
			ExecutionOrderSort2 (0ms)
			AwakeInstancesAfterBackupRestoration (0ms)
Platform modules already initialized, skipping
Registering precompiled user dll's ...
Registered in 0.004224 seconds.
Begin MonoManager ReloadAssembly
Native extension for WindowsStandalone target not found
Native extension for WebGL target not found
Refreshing native plugins compatible for Editor in 0.50 ms, found 2 plugins.
Preloading 0 native plugins for Editor in 0.00 ms.
Mono: successfully reloaded assembly
- Completed reload, in  1.219 seconds
Domain Reload Profiling:
	ReloadAssembly (1220ms)
		BeginReloadAssembly (186ms)
			ExecutionOrderSort (0ms)
			DisableScriptedObjects (5ms)
			BackupInstance (0ms)
			ReleaseScriptingObjects (0ms)
			CreateAndSetChildDomain (24ms)
		EndReloadAssembly (962ms)
			LoadAssemblies (142ms)
			RebuildTransferFunctionScriptingTraits (0ms)
			SetupTypeCache (298ms)
			ReleaseScriptCaches (0ms)
			RebuildScriptCaches (48ms)
			SetupLoadedEditorAssemblies (379ms)
				LogAssemblyErrors (0ms)
				InitializePlatformSupportModulesInManaged (6ms)
				SetLoadedEditorAssemblies (1ms)
				RefreshPlugins (1ms)
				BeforeProcessingInitializeOnLoad (74ms)
				ProcessInitializeOnLoadAttributes (270ms)
				ProcessInitializeOnLoadMethodAttributes (20ms)
				AfterProcessingInitializeOnLoad (8ms)
				EditorAssembliesLoaded (0ms)
			ExecutionOrderSort2 (0ms)
			AwakeInstancesAfterBackupRestoration (2ms)
Platform modules already initialized, skipping
========================================================================
Worker process is ready to serve import requests
Launched and connected shader compiler UnityShaderCompiler.exe after 0.07 seconds
Refreshing native plugins compatible for Editor in 0.50 ms, found 2 plugins.
Preloading 0 native plugins for Editor in 0.00 ms.
Unloading 1593 Unused Serialized files (Serialized files now loaded: 0)
System memory in use before: 77.6 MB.
System memory in use after: 77.7 MB.

Unloading 17 unused Assets to reduce memory usage. Loaded Objects now: 2040.
Total: 3.727900 ms (FindLiveObjects: 0.158200 ms CreateObjectMapping: 0.054300 ms MarkObjects: 3.401700 ms  DeleteObjects: 0.112400 ms)

AssetImportParameters requested are different than current active one (requested -> active):
  custom:framework-win-MediaFoundation: 216162199b28c13a410421893ffa2e32 -> 
  custom:video-decoder-ogg-theora: a1e56fd34408186e4bbccfd4996cb3dc -> 
  custom:container-muxer-webm: aa71ff27fc2769a1b78a27578f13a17b -> 
  custom:container-demuxer-webm: 4f35f7cbe854078d1ac9338744f61a02 -> 
  custom:container-demuxer-ogg: 62fdf1f143b41e24485cea50d1cbac27 -> 
  custom:video-encoder-webm-vp8: eb34c28f22e8b96e1ab97ce403110664 -> 
  custom:video-decoder-webm-vp8: 9c59270c3fd7afecdb556c50c9e8de78 -> 
  custom:audio-decoder-ogg-vorbis: bf7c407c2cedff20999df2af8eb42d56 -> 
  custom:audio-encoder-webm-vorbis: bf7c407c2cedff20999df2af8eb42d56 -> 
========================================================================
Received Import Request.
  path: Assets/48 Particle Effect Pack/Script
  artifactKey: Guid(288dc1f8397c66c4c90aa57f39b3d2ae) Importer(815301076,1909f56bfc062723c751e8b465ee728b)
Start importing Assets/48 Particle Effect Pack/Script using Guid(288dc1f8397c66c4c90aa57f39b3d2ae) Importer(815301076,1909f56bfc062723c751e8b465ee728b)  -> (artifact id: '77481e878fe69da08cec32171778784f') in 0.011989 seconds 
========================================================================
Received Import Request.
  Time since last request: 0.000306 seconds.
  path: Assets/48 Particle Effect Pack/DemoScense
  artifactKey: Guid(bf6784633ac7994418bc4943edefda98) Importer(815301076,1909f56bfc062723c751e8b465ee728b)
Start importing Assets/48 Particle Effect Pack/DemoScense using Guid(bf6784633ac7994418bc4943edefda98) Importer(815301076,1909f56bfc062723c751e8b465ee728b)  -> (artifact id: 'ab9322122c0fb52c03d14e94dd59f8ca') in 0.012429 seconds 
========================================================================
Received Import Request.
  Time since last request: 1.509574 seconds.
  path: Assets/48 Particle Effect Pack/Effect/Portal.prefab
  artifactKey: Guid(a087aa2c7016d2042a3b744b2afc4fb0) Importer(815301076,1909f56bfc062723c751e8b465ee728b)
Start importing Assets/48 Particle Effect Pack/Effect/Portal.prefab using Guid(a087aa2c7016d2042a3b744b2afc4fb0) Importer(815301076,1909f56bfc062723c751e8b465ee728b)  -> (artifact id: 'd06ae418d47c3e42ef226f9cf4f03449') in 0.177355 seconds 
========================================================================
Received Import Request.
  Time since last request: 2.191569 seconds.
  path: Assets/48 Particle Effect Pack/Effect/Buff3.prefab
  artifactKey: Guid(4f1e87ee37fd9904b8aa23d71ab1b9a1) Importer(815301076,1909f56bfc062723c751e8b465ee728b)
Start importing Assets/48 Particle Effect Pack/Effect/Buff3.prefab using Guid(4f1e87ee37fd9904b8aa23d71ab1b9a1) Importer(815301076,1909f56bfc062723c751e8b465ee728b)  -> (artifact id: 'ac1bec19b71d150e944455250ddbb4c5') in 0.037194 seconds 
========================================================================
Received Import Request.
  Time since last request: 0.000426 seconds.
  path: Assets/48 Particle Effect Pack/Effect/DarkBall.prefab
  artifactKey: Guid(176790904455b214b92ac1cfd30fddc9) Importer(815301076,1909f56bfc062723c751e8b465ee728b)
Start importing Assets/48 Particle Effect Pack/Effect/DarkBall.prefab using Guid(176790904455b214b92ac1cfd30fddc9) Importer(815301076,1909f56bfc062723c751e8b465ee728b)  -> (artifact id: '5629f8e86aa3f8dc016a2ab1c4292910') in 0.053893 seconds 
========================================================================
Received Import Request.
  Time since last request: 0.000437 seconds.
  path: Assets/48 Particle Effect Pack/Effect/Portal2.prefab
  artifactKey: Guid(0f158be916b4cb245ae87ffe75725147) Importer(815301076,1909f56bfc062723c751e8b465ee728b)
Start importing Assets/48 Particle Effect Pack/Effect/Portal2.prefab using Guid(0f158be916b4cb245ae87ffe75725147) Importer(815301076,1909f56bfc062723c751e8b465ee728b)  -> (artifact id: 'b7d1f74f2bd4dc21211e19a06448a873') in 0.047538 seconds 
========================================================================
Received Import Request.
  Time since last request: 0.000346 seconds.
  path: Assets/48 Particle Effect Pack/Effect/Explosion.prefab
  artifactKey: Guid(f881607407b15cc46b24d6bda799037a) Importer(815301076,1909f56bfc062723c751e8b465ee728b)
Start importing Assets/48 Particle Effect Pack/Effect/Explosion.prefab using Guid(f881607407b15cc46b24d6bda799037a) Importer(815301076,1909f56bfc062723c751e8b465ee728b)  -> (artifact id: '14f5157775b5b5f0a700980811bd3e2a') in 0.049324 seconds 
========================================================================
Received Import Request.
  Time since last request: 0.000546 seconds.
  path: Assets/48 Particle Effect Pack/Effect/Sparking2.prefab
  artifactKey: Guid(50f1c35dedf5eb940a3ee61713626364) Importer(815301076,1909f56bfc062723c751e8b465ee728b)
Start importing Assets/48 Particle Effect Pack/Effect/Sparking2.prefab using Guid(50f1c35dedf5eb940a3ee61713626364) Importer(815301076,1909f56bfc062723c751e8b465ee728b)  -> (artifact id: 'ae390d2f50f6741a96a99ac5d630674a') in 0.042322 seconds 
========================================================================
Received Import Request.
  Time since last request: 0.000401 seconds.
  path: Assets/48 Particle Effect Pack/Effect/Portal3.prefab
  artifactKey: Guid(06c8e33ce02e2224b964f44ee8004f9a) Importer(815301076,1909f56bfc062723c751e8b465ee728b)
Start importing Assets/48 Particle Effect Pack/Effect/Portal3.prefab using Guid(06c8e33ce02e2224b964f44ee8004f9a) Importer(815301076,1909f56bfc062723c751e8b465ee728b)  -> (artifact id: '4071937d076424c92908a03d37cf78a7') in 0.037820 seconds 
========================================================================
Received Import Request.
  Time since last request: 0.000553 seconds.
  path: Assets/48 Particle Effect Pack/Effect/DarkBall2.prefab
  artifactKey: Guid(7a52d3ff698a7dc4dbc5f0152df3371a) Importer(815301076,1909f56bfc062723c751e8b465ee728b)
Start importing Assets/48 Particle Effect Pack/Effect/DarkBall2.prefab using Guid(7a52d3ff698a7dc4dbc5f0152df3371a) Importer(815301076,1909f56bfc062723c751e8b465ee728b)  -> (artifact id: '6d38a2cf8b65847d463accbc54f40c6a') in 0.040877 seconds 
========================================================================
Received Import Request.
  Time since last request: 0.000286 seconds.
  path: Assets/48 Particle Effect Pack/Effect/Snow.prefab
  artifactKey: Guid(5124dc2491c482e45ac7dd914d77ddc6) Importer(815301076,1909f56bfc062723c751e8b465ee728b)
Start importing Assets/48 Particle Effect Pack/Effect/Snow.prefab using Guid(5124dc2491c482e45ac7dd914d77ddc6) Importer(815301076,1909f56bfc062723c751e8b465ee728b)  -> (artifact id: 'd6d81631f3142992277cc052a78c1a8e') in 0.037207 seconds 
========================================================================
Received Import Request.
  Time since last request: 0.000324 seconds.
  path: Assets/48 Particle Effect Pack/Effect/Cube.prefab
  artifactKey: Guid(417d95259df90e4488eb927fde45cba3) Importer(815301076,1909f56bfc062723c751e8b465ee728b)
Start importing Assets/48 Particle Effect Pack/Effect/Cube.prefab using Guid(417d95259df90e4488eb927fde45cba3) Importer(815301076,1909f56bfc062723c751e8b465ee728b)  -> (artifact id: '3fa66e8b23992e67d82feea231a5e074') in 0.034257 seconds 
========================================================================
Received Import Request.
  Time since last request: 0.000402 seconds.
  path: Assets/48 Particle Effect Pack/Effect/Sparking.prefab
  artifactKey: Guid(96536afb634b32043bb988d4576053d3) Importer(815301076,1909f56bfc062723c751e8b465ee728b)
Start importing Assets/48 Particle Effect Pack/Effect/Sparking.prefab using Guid(96536afb634b32043bb988d4576053d3) Importer(815301076,1909f56bfc062723c751e8b465ee728b)  -> (artifact id: '38036244f95be2c33c2a318f27f3a943') in 0.042827 seconds 
========================================================================
Received Import Request.
  Time since last request: 2.236063 seconds.
  path: Assets/48 Particle Effect Pack/Texture/Flash.mat
  artifactKey: Guid(1b50e61b749b338478dc4441f0ab6bbf) Importer(815301076,1909f56bfc062723c751e8b465ee728b)
Start importing Assets/48 Particle Effect Pack/Texture/Flash.mat using Guid(1b50e61b749b338478dc4441f0ab6bbf) Importer(815301076,1909f56bfc062723c751e8b465ee728b)  -> (artifact id: 'cd70af9aa6a03995f7ae30b369f2ad03') in 0.218554 seconds 
========================================================================
Received Import Request.
  Time since last request: 0.000342 seconds.
  path: Assets/48 Particle Effect Pack/Texture/Flash2.png
  artifactKey: Guid(30c1daeec32b54b46b7603c40dd9dc8c) Importer(815301076,1909f56bfc062723c751e8b465ee728b)
Start importing Assets/48 Particle Effect Pack/Texture/Flash2.png using Guid(30c1daeec32b54b46b7603c40dd9dc8c) Importer(815301076,1909f56bfc062723c751e8b465ee728b)  -> (artifact id: '45be5242109ed35c35b020bab495b292') in 0.053980 seconds 
========================================================================
Received Import Request.
  Time since last request: 0.000374 seconds.
  path: Assets/48 Particle Effect Pack/Texture/Flash3.mat
  artifactKey: Guid(b800d39fd2d4f88498c4a85b29f62906) Importer(815301076,1909f56bfc062723c751e8b465ee728b)
Start importing Assets/48 Particle Effect Pack/Texture/Flash3.mat using Guid(b800d39fd2d4f88498c4a85b29f62906) Importer(815301076,1909f56bfc062723c751e8b465ee728b)  -> (artifact id: 'e24787932f2f79a2483e92a3a9b6993e') in 0.046814 seconds 
========================================================================
Received Import Request.
  Time since last request: 0.000412 seconds.
  path: Assets/48 Particle Effect Pack/Texture/Flash.png
  artifactKey: Guid(0a2867ff4999dd940b4f11bd7c7570b2) Importer(815301076,1909f56bfc062723c751e8b465ee728b)
Start importing Assets/48 Particle Effect Pack/Texture/Flash.png using Guid(0a2867ff4999dd940b4f11bd7c7570b2) Importer(815301076,1909f56bfc062723c751e8b465ee728b)  -> (artifact id: 'd4ae147e49101885205b759f908b9ece') in 0.026329 seconds 
========================================================================
Received Import Request.
  Time since last request: 0.001151 seconds.
  path: Assets/48 Particle Effect Pack/Texture/Flash2.mat
  artifactKey: Guid(bd0236ac54d4bdb439a46bca1fdbcbec) Importer(815301076,1909f56bfc062723c751e8b465ee728b)
Start importing Assets/48 Particle Effect Pack/Texture/Flash2.mat using Guid(bd0236ac54d4bdb439a46bca1fdbcbec) Importer(815301076,1909f56bfc062723c751e8b465ee728b)  -> (artifact id: 'ebc21890bf3b8dc410f5d013fb489a17') in 0.026740 seconds 
========================================================================
Received Prepare
Registering precompiled user dll's ...
Registered in 0.003661 seconds.
Begin MonoManager ReloadAssembly
Native extension for WindowsStandalone target not found
Native extension for WebGL target not found
Refreshing native plugins compatible for Editor in 0.45 ms, found 2 plugins.
Preloading 0 native plugins for Editor in 0.00 ms.
Mono: successfully reloaded assembly
- Completed reload, in  1.107 seconds
Domain Reload Profiling:
	ReloadAssembly (1107ms)
		BeginReloadAssembly (124ms)
			ExecutionOrderSort (0ms)
			DisableScriptedObjects (5ms)
			BackupInstance (0ms)
			ReleaseScriptingObjects (0ms)
			CreateAndSetChildDomain (34ms)
		EndReloadAssembly (911ms)
			LoadAssemblies (106ms)
			RebuildTransferFunctionScriptingTraits (0ms)
			SetupTypeCache (321ms)
			ReleaseScriptCaches (1ms)
			RebuildScriptCaches (73ms)
			SetupLoadedEditorAssemblies (308ms)
				LogAssemblyErrors (0ms)
				InitializePlatformSupportModulesInManaged (8ms)
				SetLoadedEditorAssemblies (1ms)
				RefreshPlugins (1ms)
				BeforeProcessingInitializeOnLoad (65ms)
				ProcessInitializeOnLoadAttributes (214ms)
				ProcessInitializeOnLoadMethodAttributes (14ms)
				AfterProcessingInitializeOnLoad (6ms)
				EditorAssembliesLoaded (0ms)
			ExecutionOrderSort2 (0ms)
			AwakeInstancesAfterBackupRestoration (2ms)
Platform modules already initialized, skipping
Refreshing native plugins compatible for Editor in 0.58 ms, found 2 plugins.
Preloading 0 native plugins for Editor in 0.00 ms.
Unloading 1562 Unused Serialized files (Serialized files now loaded: 0)
System memory in use before: 78.8 MB.
System memory in use after: 78.9 MB.

Unloading 17 unused Assets to reduce memory usage. Loaded Objects now: 2084.
Total: 3.627300 ms (FindLiveObjects: 0.168500 ms CreateObjectMapping: 0.058700 ms MarkObjects: 3.324600 ms  DeleteObjects: 0.074100 ms)

AssetImportParameters requested are different than current active one (requested -> active):
  custom:framework-win-MediaFoundation: 216162199b28c13a410421893ffa2e32 -> 
  custom:video-decoder-ogg-theora: a1e56fd34408186e4bbccfd4996cb3dc -> 
  custom:container-muxer-webm: aa71ff27fc2769a1b78a27578f13a17b -> 
  custom:container-demuxer-webm: 4f35f7cbe854078d1ac9338744f61a02 -> 
  custom:container-demuxer-ogg: 62fdf1f143b41e24485cea50d1cbac27 -> 
  custom:video-encoder-webm-vp8: eb34c28f22e8b96e1ab97ce403110664 -> 
  custom:video-decoder-webm-vp8: 9c59270c3fd7afecdb556c50c9e8de78 -> 
  custom:audio-decoder-ogg-vorbis: bf7c407c2cedff20999df2af8eb42d56 -> 
  custom:audio-encoder-webm-vorbis: bf7c407c2cedff20999df2af8eb42d56 -> 
========================================================================
Received Prepare
Registering precompiled user dll's ...
Registered in 0.004615 seconds.
Begin MonoManager ReloadAssembly
Native extension for WindowsStandalone target not found
Native extension for WebGL target not found
Refreshing native plugins compatible for Editor in 0.57 ms, found 2 plugins.
Preloading 0 native plugins for Editor in 0.00 ms.
Mono: successfully reloaded assembly
- Completed reload, in  1.326 seconds
Domain Reload Profiling:
	ReloadAssembly (1327ms)
		BeginReloadAssembly (165ms)
			ExecutionOrderSort (0ms)
			DisableScriptedObjects (7ms)
			BackupInstance (0ms)
			ReleaseScriptingObjects (0ms)
			CreateAndSetChildDomain (45ms)
		EndReloadAssembly (1081ms)
			LoadAssemblies (143ms)
			RebuildTransferFunctionScriptingTraits (0ms)
			SetupTypeCache (374ms)
			ReleaseScriptCaches (1ms)
			RebuildScriptCaches (56ms)
			SetupLoadedEditorAssemblies (397ms)
				LogAssemblyErrors (0ms)
				InitializePlatformSupportModulesInManaged (8ms)
				SetLoadedEditorAssemblies (1ms)
				RefreshPlugins (1ms)
				BeforeProcessingInitializeOnLoad (77ms)
				ProcessInitializeOnLoadAttributes (280ms)
				ProcessInitializeOnLoadMethodAttributes (20ms)
				AfterProcessingInitializeOnLoad (11ms)
				EditorAssembliesLoaded (0ms)
			ExecutionOrderSort2 (0ms)
			AwakeInstancesAfterBackupRestoration (3ms)
Platform modules already initialized, skipping
Refreshing native plugins compatible for Editor in 0.56 ms, found 2 plugins.
Preloading 0 native plugins for Editor in 0.00 ms.
Unloading 1562 Unused Serialized files (Serialized files now loaded: 0)
System memory in use before: 78.9 MB.
System memory in use after: 78.9 MB.

Unloading 12 unused Assets to reduce memory usage. Loaded Objects now: 2087.
Total: 3.741700 ms (FindLiveObjects: 0.180900 ms CreateObjectMapping: 0.064200 ms MarkObjects: 3.425300 ms  DeleteObjects: 0.070200 ms)

AssetImportParameters requested are different than current active one (requested -> active):
  custom:framework-win-MediaFoundation: 216162199b28c13a410421893ffa2e32 -> 
  custom:video-decoder-ogg-theora: a1e56fd34408186e4bbccfd4996cb3dc -> 
  custom:container-muxer-webm: aa71ff27fc2769a1b78a27578f13a17b -> 
  custom:container-demuxer-webm: 4f35f7cbe854078d1ac9338744f61a02 -> 
  custom:container-demuxer-ogg: 62fdf1f143b41e24485cea50d1cbac27 -> 
  custom:video-encoder-webm-vp8: eb34c28f22e8b96e1ab97ce403110664 -> 
  custom:video-decoder-webm-vp8: 9c59270c3fd7afecdb556c50c9e8de78 -> 
  custom:audio-decoder-ogg-vorbis: bf7c407c2cedff20999df2af8eb42d56 -> 
  custom:audio-encoder-webm-vorbis: bf7c407c2cedff20999df2af8eb42d56 -> 
AssetImportWorkerClient::OnTransportError - code=2 error=End of file
